<?xml version="1.0" encoding="UTF-8"?>
<testng-results ignored="0" total="1" passed="1" failed="0" skipped="0">
  <reporter-output>
  </reporter-output>
  <suite started-at="2024-11-26T23:49:21 GMT-08:00" name="Surefire suite" finished-at="2024-11-26T23:49:25 GMT-08:00" duration-ms="4276">
    <groups>
      <group name="cucumber">
        <method signature="AbstractTestNGCucumberTests.runScenario(io.cucumber.testng.PickleWrapper,io.cucumber.testng.FeatureWrapper)[pri:0, instance:testRunner.CucumberTestRunner@6aba2b86]" name="runScenario" class="io.cucumber.testng.AbstractTestNGCucumberTests"/>
      </group> <!-- cucumber -->
    </groups>
    <test started-at="2024-11-26T23:49:21 GMT-08:00" name="Surefire test" finished-at="2024-11-26T23:49:25 GMT-08:00" duration-ms="4276">
      <class name="testRunner.CucumberTestRunner">
        <test-method is-config="true" signature="setUpClass(org.testng.ITestContext)[pri:0, instance:testRunner.CucumberTestRunner@6aba2b86]" started-at="2024-11-26T23:49:21 GMT-08:00" name="setUpClass" finished-at="2024-11-26T23:49:22 GMT-08:00" duration-ms="561" status="PASS">
          <params>
            <param index="0">
              <value>
                <![CDATA[org.testng.TestRunner@7ce7e83c]]>
              </value>
            </param>
          </params>
          <reporter-output>
          </reporter-output>
        </test-method> <!-- setUpClass -->
        <test-method signature="runScenario(io.cucumber.testng.PickleWrapper,io.cucumber.testng.FeatureWrapper)[pri:0, instance:testRunner.CucumberTestRunner@6aba2b86]" started-at="2024-11-26T23:49:22 GMT-08:00" name="runScenario" description="Runs Cucumber Scenarios" data-provider="scenarios" finished-at="2024-11-26T23:49:25 GMT-08:00" duration-ms="3635" status="PASS">
          <params>
            <param index="0">
              <value>
                <![CDATA["Check successful login"]]>
              </value>
            </param>
            <param index="1">
              <value>
                <![CDATA["Login Page Automation Demo"]]>
              </value>
            </param>
          </params>
          <reporter-output>
          </reporter-output>
        </test-method> <!-- runScenario -->
        <test-method is-config="true" signature="tearDownClass()[pri:0, instance:testRunner.CucumberTestRunner@6aba2b86]" started-at="2024-11-26T23:49:25 GMT-08:00" name="tearDownClass" finished-at="2024-11-26T23:49:25 GMT-08:00" duration-ms="41" status="PASS">
          <reporter-output>
          </reporter-output>
        </test-method> <!-- tearDownClass -->
      </class> <!-- testRunner.CucumberTestRunner -->
    </test> <!-- Surefire test -->
  </suite> <!-- Surefire suite -->
</testng-results>
